<?xml version="1.0" encoding="UTF-8"?>
<!-- Generated by org.testng.reporters.JUnitReportReporter -->
<testsuite skipped="0" hostname="DESKTOP-6LIQUOQ" name="com.AutoP.TestCases.HomePageTest" tests="4" failures="0" timestamp="15 Mar 2019 22:32:31 GMT" time="47.167" errors="0">
  <testcase name="ValidateMyStoreLogoTest" time="10.185" classname="com.AutoP.TestCases.HomePageTest"/>
  <testcase name="ValidateMyCartLinkTest" time="11.240" classname="com.AutoP.TestCases.HomePageTest"/>
  <testcase name="SearchForItemTest" time="12.382" classname="com.AutoP.TestCases.HomePageTest"/>
  <testcase name="signInPageNavigationTest" time="13.360" classname="com.AutoP.TestCases.HomePageTest"/>
</testsuite> <!-- com.AutoP.TestCases.HomePageTest -->
