<?xml version="1.0" encoding="UTF-8"?>
<!-- Generated by org.testng.reporters.JUnitReportReporter -->
<testsuite skipped="0" hostname="DESKTOP-6LIQUOQ" name="com.AutoP.TestCases.RegPageTest" tests="4" failures="0" timestamp="15 Mar 2019 22:32:31 GMT" time="156.829" errors="0">
  <testcase name="CreateUserTest" time="38.069" classname="com.AutoP.TestCases.RegPageTest"/>
  <testcase name="CreateUserTest" time="39.303" classname="com.AutoP.TestCases.RegPageTest"/>
  <testcase name="CreateUserTest" time="39.602" classname="com.AutoP.TestCases.RegPageTest"/>
  <testcase name="CreateUserTest" time="39.855" classname="com.AutoP.TestCases.RegPageTest"/>
</testsuite> <!-- com.AutoP.TestCases.RegPageTest -->
